The 7-base_geometry module
==========================

Tests using BaseGeometry.integer_validator(name, value)
-------------------------------------------------------

Import module:
>>> BaseGeometry = __import__('7-base_geometry').BaseGeometry

---
Test Case 1: Calling `area` method without implementation
>>> bg = BaseGeometry()
>>> bg.area()
Traceback (most recent call last):
  ...
Exception: area() is not implemented

---
Test Case 2: Valid integer validation
>>> bg.integer_validator("width", 10)
>>> bg.integer_validator("height", 5)

---
Test Case 3: Invalid type for `integer_validator` (non-integer)
>>> bg.integer_validator("width", "10")
Traceback (most recent call last):
  ...
TypeError: width must be an integer

>>> bg.integer_validator("height", 5.5)
Traceback (most recent call last):
  ...
TypeError: height must be an integer

---
Test Case 4: Invalid integer validation (zero or negative values)
>>> bg.integer_validator("width", 0)
Traceback (most recent call last):
  ...
ValueError: width must be greater than 0

>>> bg.integer_validator("height", -3)
Traceback (most recent call last):
  ...
ValueError: height must be greater than 0

---
Test Case 5: Edge case (smallest valid positive integer)
>>> bg.integer_validator("width", 1)

---
Test Case 6: Multiple validations within a subclass
>>> class Rectangle(BaseGeometry):
...     def __init__(self, width, height):
...         self.integer_validator("width", width)
...         self.integer_validator("height", height)
...         self.__width = width
...         self.__height = height
...     def area(self):
...         return self.__width * self.__height

>>> rect = Rectangle(10, 20)
>>> rect.area()
200

---
Test Case 7: Invalid value in subclass instantiation
>>> rect = Rectangle(0, 20)
Traceback (most recent call last):
  ...
ValueError: width must be greater than 0

>>> rect = Rectangle(10, -5)
Traceback (most recent call last):
  ...
ValueError: height must be greater than 0

>>> rect = Rectangle("10", 20)
Traceback (most recent call last):
  ...
TypeError: width must be an integer
